<?xml version="1.0" encoding="UTF-8"?>
<testng-results skipped="0" failed="0" ignored="0" total="1" passed="1">
  <reporter-output>
  </reporter-output>
  <suite name="net.phptravels.LoginTest" duration-ms="4476" started-at="2022-08-06T09:45:20 IST" finished-at="2022-08-06T09:45:24 IST">
    <groups>
    </groups>
    <test name="Command line test" duration-ms="4476" started-at="2022-08-06T09:45:20 IST" finished-at="2022-08-06T09:45:24 IST">
      <class name="net.phptravels.LoginTest">
        <test-method status="PASS" signature="setUp()[pri:0, instance:net.phptravels.LoginTest@3a5ed7a6]" name="setUp" is-config="true" duration-ms="4447" started-at="2022-08-06T09:45:20 IST" finished-at="2022-08-06T09:45:24 IST">
          <reporter-output>
          </reporter-output>
        </test-method> <!-- setUp -->
        <test-method status="PASS" signature="testLoginSuccess()[pri:0, instance:net.phptravels.LoginTest@3a5ed7a6]" name="testLoginSuccess" duration-ms="1" started-at="2022-08-06T09:45:24 IST" finished-at="2022-08-06T09:45:24 IST">
          <reporter-output>
          </reporter-output>
        </test-method> <!-- testLoginSuccess -->
      </class> <!-- net.phptravels.LoginTest -->
    </test> <!-- Command line test -->
  </suite> <!-- net.phptravels.LoginTest -->
</testng-results>
